--------------------------------------------------------------------------------
Release 14.7 Trace  (nt64)
Copyright (c) 1995-2013 Xilinx, Inc.  All rights reserved.

C:\Xilinx\14.7\ISE_DS\ISE\bin\nt64\unwrapped\trce.exe -intstyle ise -v 3 -s 4
-n 3 -fastpaths -xml hammingcode.twx hammingcode.ncd -o hammingcode.twr
hammingcode.pcf

Design file:              hammingcode.ncd
Physical constraint file: hammingcode.pcf
Device,package,speed:     xc3s500e,fg320,-4 (PRODUCTION 1.27 2013-10-13)
Report level:             verbose report

Environment Variable      Effect 
--------------------      ------ 
NONE                      No environment variables were set
--------------------------------------------------------------------------------

INFO:Timing:2698 - No timing constraints found, doing default enumeration.
INFO:Timing:3412 - To improve timing, see the Timing Closure User Guide (UG612).
INFO:Timing:2752 - To get complete path coverage, use the unconstrained paths 
   option. All paths that are not constrained will be reported in the 
   unconstrained paths section(s) of the report.
INFO:Timing:3339 - The clock-to-out numbers in this timing report are based on 
   a 50 Ohm transmission line loading model.  For the details of this model, 
   and for more information on accounting for different loading conditions, 
   please see the device datasheet.
INFO:Timing:3390 - This architecture does not support a default System Jitter 
   value, please add SYSTEM_JITTER constraint to the UCF to modify the Clock 
   Uncertainty calculation.
INFO:Timing:3389 - This architecture does not support 'Discrete Jitter' and 
   'Phase Error' calculations, these terms will be zero in the Clock 
   Uncertainty calculation.  Please make appropriate modification to 
   SYSTEM_JITTER to account for the unsupported Discrete Jitter and Phase 
   Error.



Data Sheet report:
-----------------
All values displayed in nanoseconds (ns)

Setup/Hold to clock clk
------------+------------+------------+------------------+--------+
            |Max Setup to|Max Hold to |                  | Clock  |
Source      | clk (edge) | clk (edge) |Internal Clock(s) | Phase  |
------------+------------+------------+------------------+--------+
datain<1>   |    0.065(R)|    1.502(R)|clk_BUFGP         |   0.000|
datain<2>   |    0.037(R)|    1.524(R)|clk_BUFGP         |   0.000|
datain<3>   |    0.081(R)|    1.483(R)|clk_BUFGP         |   0.000|
datain<4>   |    0.053(R)|    1.505(R)|clk_BUFGP         |   0.000|
datain<5>   |    0.067(R)|    1.492(R)|clk_BUFGP         |   0.000|
datain<6>   |    0.057(R)|    1.500(R)|clk_BUFGP         |   0.000|
datain<7>   |   -0.208(R)|    1.706(R)|clk_BUFGP         |   0.000|
datain<8>   |    0.077(R)|    1.476(R)|clk_BUFGP         |   0.000|
------------+------------+------------+------------------+--------+

Clock clk to Pad
------------+------------+------------------+--------+
            | clk (edge) |                  | Clock  |
Destination |   to PAD   |Internal Clock(s) | Phase  |
------------+------------+------------------+--------+
data_ec<1>  |    7.227(R)|clk_BUFGP         |   0.000|
data_ec<2>  |    7.174(R)|clk_BUFGP         |   0.000|
data_ec<3>  |    7.208(R)|clk_BUFGP         |   0.000|
data_ec<4>  |    7.155(R)|clk_BUFGP         |   0.000|
data_ec<5>  |    7.210(R)|clk_BUFGP         |   0.000|
data_ec<6>  |    7.143(R)|clk_BUFGP         |   0.000|
data_ec<7>  |    7.719(R)|clk_BUFGP         |   0.000|
data_ec<8>  |    7.120(R)|clk_BUFGP         |   0.000|
------------+------------+------------------+--------+


Analysis completed Mon Nov 09 14:12:59 2015 
--------------------------------------------------------------------------------

Trace Settings:
-------------------------
Trace Settings 

Peak Memory Usage: 175 MB



